turtle_database/build/intermediates/manifest_merge_blame_file/debug/manifest-merger-blame-debug-report.txt
1<?xml version="1.0" encoding="utf-8"?>
2<manifest xmlns:android="http://schemas.android.com/apk/res/android"
3    package="com.turtleteam.turtle_database" >
4
5    <uses-sdk android:minSdkVersion="24" />
5-->ProcessLibraryManifest\debug\tempAndroidManifest17148497103863725573.xml
6
7</manifest>